<?xml version="1.0" encoding="UTF-8" ?>
<testsuites errors="8"
            failures="2"
            tests="19">

  <testsuite name="Tests.ContactUs_Test"
    errors="8" failures="2" hostname="" id="" package="ContactUs_Test" skipped="0"
    tests="19" time="380.9" timestamp="">
  
    <testcase name="ContactUS_TC001" classname="Tests.ContactUs_Test" time="15.41" assertions="1">

    
    </testcase>
  
    <testcase name="ContactUs_TC002" classname="Tests.ContactUs_Test" time="1.969" assertions="1">

    
    </testcase>
  
    <testcase name="ContactUs_TC003" classname="Tests.ContactUs_Test" time="2.891" assertions="1">

    
    </testcase>
  
    <testcase name="ContactUs_TC004" classname="Tests.ContactUs_Test" time="2.930" assertions="1">

    
    </testcase>
  
    <testcase name="ContactUs_TC005" classname="Tests.ContactUs_Test" time="2.559" assertions="1">

    
    </testcase>
  
    <testcase name="ContactUs_TC006" classname="Tests.ContactUs_Test" time="3.536" assertions="1">

    
    </testcase>
  
    <testcase name="ContactUs_TC007" classname="Tests.ContactUs_Test" time="2.737" assertions="1">

    
    </testcase>
  
    <testcase name="ContactUs_TC008" classname="Tests.ContactUs_Test" time="12.79" assertions="1">

    
    </testcase>
  
    <testcase name="ContactUs_TC009" classname="Tests.ContactUs_Test" time="2.982" assertions="1">

    
    </testcase>
  
    <testcase name="ContactUs_TC010" classname="Tests.ContactUs_Test" time="2.977" assertions="2">

    

    
    </testcase>
  
    <testcase name="ContactUs_TC011" classname="Tests.ContactUs_Test" time="2.703" assertions="1">

    
    </testcase>
  
    <testcase name="ContactUs_TC012" classname="Tests.ContactUs_Test" time="2.771" assertions="1">

    
    </testcase>
  
    <testcase name="ContactUs_TC013" classname="Tests.ContactUs_Test" time="2.756" assertions="2">

    

    
    </testcase>
  
    <testcase name="ContactUs_TC014" classname="Tests.ContactUs_Test" time="2.971" assertions="2">

    

    
    </testcase>
  
    <testcase name="ContactUs_TC015" classname="Tests.ContactUs_Test" time="8.184" assertions="3">

    

    

    
    </testcase>
  
    <testcase name="ContactUs_TC016" classname="Tests.ContactUs_Test" time="11.14" assertions="2">

    

    
    </testcase>
  
    <testcase name="ContactUs_TC017" classname="Tests.ContactUs_Test" time="8.018" assertions="1">  <failure message="Testing if element &lt;Element [name=@errorSection]&gt; contains text &#39;The message cannot be blank&#39; in 5000ms - expected &#34;contains text &#39;The message cannot be blank&#39;&#34; but got: &#34;element could not be located&#34; (5281ms)">    at Page.verifyOnErrorMessage (C:\Users\Marena.Nady\Desktop\Automation project-Siemens\UI Part\UI_Automation_Code\page-objects\ContactUsPage.js:64:25)
    at Object.ContactUs_TC017 (C:\Users\Marena.Nady\Desktop\Automation project-Siemens\UI Part\UI_Automation_Code\Tests\ContactUs_Test.js:214:14)</failure>

    
    </testcase>
  
    <testcase name="ContactUs_TC018" classname="Tests.ContactUs_Test" time="3.837" assertions="1">

    
    </testcase>
  
    <testcase name="ContactUs_TC019" classname="Tests.ContactUs_Test" time="97.30" assertions="3">

    

      <failure message="Testing if element &lt;Element [name=@successSection]&gt; contains text &#39;Your message has been successfully sent to our team.&#39; in 5000ms - expected &#34;contains text &#39;Your message has been successfully sent to our team.&#39;&#34; but got: &#34;element could not be located&#34; (5108ms)">    at Page.verifyOnSuccessMessage (C:\Users\Marena.Nady\Desktop\Automation project-Siemens\UI Part\UI_Automation_Code\page-objects\ContactUsPage.js:67:25)
    at Object.ContactUs_TC018 (C:\Users\Marena.Nady\Desktop\Automation project-Siemens\UI Part\UI_Automation_Code\Tests\ContactUs_Test.js:226:14)
    at Object.ContactUs_TC019 (C:\Users\Marena.Nady\Desktop\Automation project-Siemens\UI Part\UI_Automation_Code\Tests\ContactUs_Test.js:234:14)</failure>

    
    <error type="error"><![CDATA[
    NoSuchWindowError: no such window: target window already closed
from unknown error: web view not found
  (Session info: chrome=121.0.6167.185)
    at Object.throwDecodedError (C:\Users\Marena.Nady\Desktop\Automation project-Siemens\UI Part\UI_Automation_Code\node_modules\selenium-webdriver\lib\error.js:524:15)
    at parseHttpResponse (C:\Users\Marena.Nady\Desktop\Automation project-Siemens\UI Part\UI_Automation_Code\node_modules\selenium-webdriver\lib\http.js:601:13)
    at Executor.execute (C:\Users\Marena.Nady\Desktop\Automation project-Siemens\UI Part\UI_Automation_Code\node_modules\selenium-webdriver\lib\http.js:529:28)
    at process.processTicksAndRejections (node:internal/process/task_queues:95:5)
    at async Driver.execute (C:\Users\Marena.Nady\Desktop\Automation project-Siemens\UI Part\UI_Automation_Code\node_modules\selenium-webdriver\lib\webdriver.js:745:17)
    at async Driver.findElements (C:\Users\Marena.Nady\Desktop\Automation project-Siemens\UI Part\UI_Automation_Code\node_modules\selenium-webdriver\lib\webdriver.js:1089:17)
    ]]></error>
    
    </testcase>
  

  
    <system-err>
       NoSuchElementError
   An element could not be located on the page using the given search parameters.

    Try fixing by :
    1. Please inspect the html before the step
    2. Verify if an element with the mentioned selector is present in the DOM tree

    Error location:
    C:\Users\Marena.Nady\Desktop\Automation project-Siemens\UI Part\UI_Automation_Code\Tests\ContactUs_Test.js:220
    ––––––––––––––––––––––––––––––––––––––––––––––––––––––––––––––––––––––––––––––––––––––––––––––––––––––––––––
     218 |         const contactUsPage = browser.page.ContactUsPage();
     219 |         contactUsPage
     220 |             .enterEmail(&#34;marenanady12@gmail.com&#34;) 
     221 |             .chooseFromSubjectHeadingList(&#39;Customer&#39;)
     222 |             .enterOrderReference(&#34;order123&#34;)
    ––––––––––––––––––––––––––––––––––––––––––––––––––––––––––––––––––––––––––––––––––––––––––––––––––––––––––––

 NoSuchElementError
   An element could not be located on the page using the given search parameters.

    Try fixing by :
    1. Please inspect the html before the step
    2. Verify if an element with the mentioned selector is present in the DOM tree

    Error location:
    C:\Users\Marena.Nady\Desktop\Automation project-Siemens\UI Part\UI_Automation_Code\Tests\ContactUs_Test.js:221
    ––––––––––––––––––––––––––––––––––––––––––––––––––––––––––––––––––––––––––––––––––––––––––––––––––––––––––––
     219 |         contactUsPage
     220 |             .enterEmail(&#34;marenanady12@gmail.com&#34;)
     221 |             .chooseFromSubjectHeadingList(&#39;Customer&#39;) 
     222 |             .enterOrderReference(&#34;order123&#34;)
     223 |             .chooseFile(&#39;testUpload.txt&#39;)
    ––––––––––––––––––––––––––––––––––––––––––––––––––––––––––––––––––––––––––––––––––––––––––––––––––––––––––––

 NoSuchElementError
   An element could not be located on the page using the given search parameters.

    Try fixing by :
    1. Please inspect the html before the step
    2. Verify if an element with the mentioned selector is present in the DOM tree

    Error location:
    C:\Users\Marena.Nady\Desktop\Automation project-Siemens\UI Part\UI_Automation_Code\Tests\ContactUs_Test.js:221
    ––––––––––––––––––––––––––––––––––––––––––––––––––––––––––––––––––––––––––––––––––––––––––––––––––––––––––––
     219 |         contactUsPage
     220 |             .enterEmail(&#34;marenanady12@gmail.com&#34;)
     221 |             .chooseFromSubjectHeadingList(&#39;Customer&#39;) 
     222 |             .enterOrderReference(&#34;order123&#34;)
     223 |             .chooseFile(&#39;testUpload.txt&#39;)
    ––––––––––––––––––––––––––––––––––––––––––––––––––––––––––––––––––––––––––––––––––––––––––––––––––––––––––––

 NoSuchElementError
   An element could not be located on the page using the given search parameters.

    Try fixing by :
    1. Please inspect the html before the step
    2. Verify if an element with the mentioned selector is present in the DOM tree

    Error location:
    C:\Users\Marena.Nady\Desktop\Automation project-Siemens\UI Part\UI_Automation_Code\Tests\ContactUs_Test.js:222
    ––––––––––––––––––––––––––––––––––––––––––––––––––––––––––––––––––––––––––––––––––––––––––––––––––––––––––––
     220 |             .enterEmail(&#34;marenanady12@gmail.com&#34;)
     221 |             .chooseFromSubjectHeadingList(&#39;Customer&#39;)
     222 |             .enterOrderReference(&#34;order123&#34;) 
     223 |             .chooseFile(&#39;testUpload.txt&#39;)
     224 |             .enterMsg(&#34;My order has manufacturing flaws&#34;)
    ––––––––––––––––––––––––––––––––––––––––––––––––––––––––––––––––––––––––––––––––––––––––––––––––––––––––––––

 NoSuchElementError
   An element could not be located on the page using the given search parameters.
    {&#34;error&#34;:{&#34;name&#34;:&#34;NoSuchWindowError&#34;,&#34;remoteStacktrace&#34;:&#34;&#34;},&#34;status&#34;:-1,&#34;value&#34;:null}

    Try fixing by :
    1. Please inspect the html before the step
    2. Verify if an element with the mentioned selector is present in the DOM tree

    Error location:
    C:\Users\Marena.Nady\Desktop\Automation project-Siemens\UI Part\UI_Automation_Code\Tests\ContactUs_Test.js:223
    ––––––––––––––––––––––––––––––––––––––––––––––––––––––––––––––––––––––––––––––––––––––––––––––––––––––––––––
     221 |             .chooseFromSubjectHeadingList(&#39;Customer&#39;)
     222 |             .enterOrderReference(&#34;order123&#34;)
     223 |             .chooseFile(&#39;testUpload.txt&#39;) 
     224 |             .enterMsg(&#34;My order has manufacturing flaws&#34;)
     225 |             .clickSubmit()
    ––––––––––––––––––––––––––––––––––––––––––––––––––––––––––––––––––––––––––––––––––––––––––––––––––––––––––––

 NoSuchElementError
   An element could not be located on the page using the given search parameters.
    {&#34;error&#34;:{&#34;name&#34;:&#34;NoSuchWindowError&#34;,&#34;remoteStacktrace&#34;:&#34;&#34;},&#34;status&#34;:-1,&#34;value&#34;:null}

    Try fixing by :
    1. Please inspect the html before the step
    2. Verify if an element with the mentioned selector is present in the DOM tree

    Error location:
    C:\Users\Marena.Nady\Desktop\Automation project-Siemens\UI Part\UI_Automation_Code\Tests\ContactUs_Test.js:224
    ––––––––––––––––––––––––––––––––––––––––––––––––––––––––––––––––––––––––––––––––––––––––––––––––––––––––––––
     222 |             .enterOrderReference(&#34;order123&#34;)
     223 |             .chooseFile(&#39;testUpload.txt&#39;)
     224 |             .enterMsg(&#34;My order has manufacturing flaws&#34;) 
     225 |             .clickSubmit()
     226 |             .verifyOnSuccessMessage(&#34;Your message has been successfully sent to our team.&#34;);
    ––––––––––––––––––––––––––––––––––––––––––––––––––––––––––––––––––––––––––––––––––––––––––––––––––––––––––––

 NoSuchElementError
   An element could not be located on the page using the given search parameters.
    {&#34;error&#34;:{&#34;name&#34;:&#34;NoSuchWindowError&#34;,&#34;remoteStacktrace&#34;:&#34;&#34;},&#34;status&#34;:-1,&#34;value&#34;:null}

    Try fixing by :
    1. Please inspect the html before the step
    2. Verify if an element with the mentioned selector is present in the DOM tree

    Error location:
    C:\Users\Marena.Nady\Desktop\Automation project-Siemens\UI Part\UI_Automation_Code\Tests\ContactUs_Test.js:225
    ––––––––––––––––––––––––––––––––––––––––––––––––––––––––––––––––––––––––––––––––––––––––––––––––––––––––––––
     223 |             .chooseFile(&#39;testUpload.txt&#39;)
     224 |             .enterMsg(&#34;My order has manufacturing flaws&#34;)
     225 |             .clickSubmit() 
     226 |             .verifyOnSuccessMessage(&#34;Your message has been successfully sent to our team.&#34;);
     227 |     },
    ––––––––––––––––––––––––––––––––––––––––––––––––––––––––––––––––––––––––––––––––––––––––––––––––––––––––––––

 NoSuchWindowError
   no such window: target window already closed
from unknown error: web view not found
  (Session info: chrome=121.0.6167.185)
    </system-err>
  

    

  
  </testsuite>
</testsuites>
